Start testing: Apr 08 11:14 UTC
----------------------------------------------------------
1/1 Testing: PinClassTests.Test_00
1/1 Test: PinClassTests.Test_00
Command: "/home/ubuntu/Documents/ComponentsLibrary/build/src/test1" "--gtest_filter=PinClassTests.Test_00" "--gtest_also_run_disabled_tests"
Directory: /home/ubuntu/Documents/ComponentsLibrary/build/src
"PinClassTests.Test_00" start time: Apr 08 11:14 UTC
Output:
----------------------------------------------------------
Running main() from /home/ubuntu/Documents/ComponentsLibrary/external/googletest/googletest/src/gtest_main.cc
Note: Google Test filter = PinClassTests.Test_00
[==========] Running 1 test from 1 test suite.
[----------] Global test environment set-up.
[----------] 1 test from PinClassTests
[ RUN      ] PinClassTests.Test_00
[       OK ] PinClassTests.Test_00 (0 ms)
[----------] 1 test from PinClassTests (0 ms total)

[----------] Global test environment tear-down
[==========] 1 test from 1 test suite ran. (0 ms total)
[  PASSED  ] 1 test.
<end of output>
Test time =   0.00 sec
----------------------------------------------------------
Test Passed.
"PinClassTests.Test_00" end time: Apr 08 11:14 UTC
"PinClassTests.Test_00" time elapsed: 00:00:00
----------------------------------------------------------

End testing: Apr 08 11:14 UTC
